{"contracts\\APIConsumer.sol":{"l":{"21":3,"22":0,"24":3,"29":3,"30":3,"31":3,"40":1,"43":1,"55":1,"58":1,"59":1,"62":1,"70":0,"78":0,"79":0,"83":3,"84":3,"85":0,"88":3},"path":"C:\\Users\\PedroNeto\\Documents\\Training\\Chainlink\\hardhat-starter-kit\\contracts\\APIConsumer.sol","s":{"1":3,"2":0,"3":3,"4":3,"5":3,"6":3,"7":1,"8":1,"9":1,"10":1,"11":1,"12":1,"13":0,"14":0,"15":0,"16":3,"17":3,"18":0},"b":{"1":[0,3],"2":[0,0],"3":[0,3]},"f":{"1":3,"2":1,"3":0,"4":0,"5":3},"fnMap":{"1":{"name":"constructor","line":20,"loc":{"start":{"line":20,"column":4},"end":{"line":32,"column":4}}},"2":{"name":"requestVolumeData","line":38,"loc":{"start":{"line":38,"column":4},"end":{"line":63,"column":4}}},"3":{"name":"fulfill","line":68,"loc":{"start":{"line":68,"column":4},"end":{"line":71,"column":4}}},"4":{"name":"withdrawLink","line":77,"loc":{"start":{"line":77,"column":4},"end":{"line":80,"column":4}}},"5":{"name":"stringToBytes32","line":82,"loc":{"start":{"line":82,"column":4},"end":{"line":91,"column":4}}}},"statementMap":{"1":{"start":{"line":21,"column":8},"end":{"line":21,"column":601}},"2":{"start":{"line":22,"column":12},"end":{"line":22,"column":36}},"3":{"start":{"line":24,"column":12},"end":{"line":24,"column":35}},"4":{"start":{"line":29,"column":8},"end":{"line":29,"column":23}},"5":{"start":{"line":30,"column":8},"end":{"line":30,"column":38}},"6":{"start":{"line":31,"column":8},"end":{"line":31,"column":17}},"7":{"start":{"line":40,"column":8},"end":{"line":40,"column":109}},"8":{"start":{"line":43,"column":8},"end":{"line":43,"column":102}},"9":{"start":{"line":55,"column":8},"end":{"line":55,"column":54}},"10":{"start":{"line":58,"column":8},"end":{"line":58,"column":32}},"11":{"start":{"line":59,"column":8},"end":{"line":59,"column":43}},"12":{"start":{"line":62,"column":8},"end":{"line":62,"column":59}},"13":{"start":{"line":70,"column":8},"end":{"line":70,"column":23}},"14":{"start":{"line":78,"column":8},"end":{"line":78,"column":82}},"15":{"start":{"line":79,"column":8},"end":{"line":79,"column":104}},"16":{"start":{"line":83,"column":8},"end":{"line":83,"column":56}},"17":{"start":{"line":84,"column":8},"end":{"line":84,"column":2845}},"18":{"start":{"line":85,"column":12},"end":{"line":85,"column":22}}},"branchMap":{"1":{"line":21,"type":"if","locations":[{"start":{"line":21,"column":8},"end":{"line":21,"column":8}},{"start":{"line":21,"column":8},"end":{"line":21,"column":8}}]},"2":{"line":79,"type":"if","locations":[{"start":{"line":79,"column":8},"end":{"line":79,"column":8}},{"start":{"line":79,"column":8},"end":{"line":79,"column":8}}]},"3":{"line":84,"type":"if","locations":[{"start":{"line":84,"column":8},"end":{"line":84,"column":8}},{"start":{"line":84,"column":8},"end":{"line":84,"column":8}}]}}},"contracts\\PriceConsumerV3.sol":{"l":{"14":3,"21":1,"28":1},"path":"C:\\Users\\PedroNeto\\Documents\\Training\\Chainlink\\hardhat-starter-kit\\contracts\\PriceConsumerV3.sol","s":{"1":3,"2":1,"3":1},"b":{},"f":{"1":3,"2":1},"fnMap":{"1":{"name":"constructor","line":13,"loc":{"start":{"line":13,"column":4},"end":{"line":15,"column":4}}},"2":{"name":"getLatestPrice","line":20,"loc":{"start":{"line":20,"column":4},"end":{"line":29,"column":4}}}},"statementMap":{"1":{"start":{"line":14,"column":8},"end":{"line":14,"column":52}},"2":{"start":{"line":21,"column":8},"end":{"line":21,"column":585}},"3":{"start":{"line":28,"column":8},"end":{"line":28,"column":20}}},"branchMap":{}},"contracts\\RandomNumberConsumer.sol":{"l":{"31":3,"32":3,"39":1,"40":1,"50":0,"60":0},"path":"C:\\Users\\PedroNeto\\Documents\\Training\\Chainlink\\hardhat-starter-kit\\contracts\\RandomNumberConsumer.sol","s":{"1":3,"2":3,"3":1,"4":1,"5":0,"6":0},"b":{"1":[0,0]},"f":{"1":3,"2":1,"3":0,"4":0},"fnMap":{"1":{"name":"constructor","line":29,"loc":{"start":{"line":19,"column":4},"end":{"line":33,"column":4}}},"2":{"name":"getRandomNumber","line":38,"loc":{"start":{"line":38,"column":4},"end":{"line":41,"column":4}}},"3":{"name":"fulfillRandomness","line":46,"loc":{"start":{"line":46,"column":4},"end":{"line":51,"column":4}}},"4":{"name":"withdrawLink","line":59,"loc":{"start":{"line":59,"column":4},"end":{"line":64,"column":4}}}},"statementMap":{"1":{"start":{"line":31,"column":8},"end":{"line":31,"column":25}},"2":{"start":{"line":32,"column":8},"end":{"line":32,"column":17}},"3":{"start":{"line":39,"column":8},"end":{"line":39,"column":50}},"4":{"start":{"line":40,"column":8},"end":{"line":40,"column":43}},"5":{"start":{"line":50,"column":8},"end":{"line":50,"column":32}},"6":{"start":{"line":60,"column":8},"end":{"line":60,"column":1664}}},"branchMap":{"1":{"line":60,"type":"if","locations":[{"start":{"line":60,"column":8},"end":{"line":60,"column":8}},{"start":{"line":60,"column":8},"end":{"line":60,"column":8}}]}}},"contracts\\test\\LinkToken.sol":{"l":{},"path":"C:\\Users\\PedroNeto\\Documents\\Training\\Chainlink\\hardhat-starter-kit\\contracts\\test\\LinkToken.sol","s":{},"b":{},"f":{},"fnMap":{},"statementMap":{},"branchMap":{}},"contracts\\test\\MockOracle.sol":{"l":{"51":9,"82":1,"83":1,"85":1,"87":1,"92":1,"121":0,"122":0,"123":0,"127":0,"128":0,"149":0,"151":0,"153":0,"154":0,"156":0,"170":2,"180":0,"181":0,"190":1,"191":1},"path":"C:\\Users\\PedroNeto\\Documents\\Training\\Chainlink\\hardhat-starter-kit\\contracts\\test\\MockOracle.sol","s":{"1":9,"2":1,"3":1,"4":1,"5":1,"6":1,"7":0,"8":0,"9":0,"10":0,"11":0,"12":0,"13":0,"14":0,"15":2,"16":0,"17":1},"b":{"1":[1,0],"2":[0,0],"3":[0,0],"4":[0,0],"5":[0,0],"6":[1,0]},"f":{"1":9,"2":1,"3":0,"4":0,"5":2,"6":0,"7":1},"fnMap":{"1":{"name":"constructor","line":48,"loc":{"start":{"line":48,"column":2},"end":{"line":52,"column":2}}},"2":{"name":"oracleRequest","line":80,"loc":{"start":{"line":67,"column":2},"end":{"line":102,"column":2}}},"3":{"name":"fulfillOracleRequest","line":118,"loc":{"start":{"line":113,"column":2},"end":{"line":129,"column":2}}},"4":{"name":"cancelOracleRequest","line":140,"loc":{"start":{"line":140,"column":2},"end":{"line":157,"column":2}}},"5":{"name":"getChainlinkToken","line":164,"loc":{"start":{"line":164,"column":2},"end":{"line":171,"column":2}}},"6":{"name":"isValidRequest","line":179,"loc":{"start":{"line":179,"column":2},"end":{"line":182,"column":2}}},"7":{"name":"checkCallbackAddress","line":189,"loc":{"start":{"line":189,"column":2},"end":{"line":192,"column":2}}}},"statementMap":{"1":{"start":{"line":51,"column":4},"end":{"line":51,"column":40}},"2":{"start":{"line":82,"column":4},"end":{"line":82,"column":68}},"3":{"start":{"line":83,"column":4},"end":{"line":83,"column":85}},"4":{"start":{"line":85,"column":4},"end":{"line":85,"column":45}},"5":{"start":{"line":87,"column":4},"end":{"line":87,"column":2853}},"6":{"start":{"line":92,"column":4},"end":{"line":92,"column":2966}},"7":{"start":{"line":121,"column":4},"end":{"line":121,"column":48}},"8":{"start":{"line":123,"column":4},"end":{"line":123,"column":87}},"9":{"start":{"line":127,"column":4},"end":{"line":127,"column":111}},"10":{"start":{"line":128,"column":4},"end":{"line":128,"column":18}},"11":{"start":{"line":149,"column":4},"end":{"line":149,"column":86}},"12":{"start":{"line":151,"column":4},"end":{"line":151,"column":56}},"13":{"start":{"line":154,"column":4},"end":{"line":154,"column":40}},"14":{"start":{"line":156,"column":4},"end":{"line":156,"column":51}},"15":{"start":{"line":170,"column":4},"end":{"line":170,"column":29}},"16":{"start":{"line":180,"column":4},"end":{"line":180,"column":93}},"17":{"start":{"line":190,"column":4},"end":{"line":190,"column":64}}},"branchMap":{"1":{"line":83,"type":"if","locations":[{"start":{"line":83,"column":4},"end":{"line":83,"column":4}},{"start":{"line":83,"column":4},"end":{"line":83,"column":4}}]},"2":{"line":123,"type":"if","locations":[{"start":{"line":123,"column":4},"end":{"line":123,"column":4}},{"start":{"line":123,"column":4},"end":{"line":123,"column":4}}]},"3":{"line":149,"type":"if","locations":[{"start":{"line":149,"column":4},"end":{"line":149,"column":4}},{"start":{"line":149,"column":4},"end":{"line":149,"column":4}}]},"4":{"line":151,"type":"if","locations":[{"start":{"line":151,"column":4},"end":{"line":151,"column":4}},{"start":{"line":151,"column":4},"end":{"line":151,"column":4}}]},"5":{"line":180,"type":"if","locations":[{"start":{"line":180,"column":4},"end":{"line":180,"column":4}},{"start":{"line":180,"column":4},"end":{"line":180,"column":4}}]},"6":{"line":190,"type":"if","locations":[{"start":{"line":190,"column":4},"end":{"line":190,"column":4}},{"start":{"line":190,"column":4},"end":{"line":190,"column":4}}]}}},"contracts\\test\\MockV3Aggregator.sol":{"l":{},"path":"C:\\Users\\PedroNeto\\Documents\\Training\\Chainlink\\hardhat-starter-kit\\contracts\\test\\MockV3Aggregator.sol","s":{},"b":{},"f":{},"fnMap":{},"statementMap":{},"branchMap":{}},"contracts\\test\\VRFCoordinatorMock.sol":{"l":{},"path":"C:\\Users\\PedroNeto\\Documents\\Training\\Chainlink\\hardhat-starter-kit\\contracts\\test\\VRFCoordinatorMock.sol","s":{},"b":{},"f":{},"fnMap":{},"statementMap":{},"branchMap":{}},"contracts\\Voting.sol":{"l":{"32":3,"33":3,"38":3,"42":6,"59":0,"63":0,"64":0,"65":0,"71":0,"72":0,"74":0,"84":0,"85":0,"88":0,"93":0,"94":0,"95":0,"96":0,"99":0,"103":0,"110":0,"111":0,"112":0,"113":0,"114":0,"119":0,"125":0,"126":0,"127":0,"128":0,"129":0,"138":0},"path":"C:\\Users\\PedroNeto\\Documents\\Training\\Chainlink\\hardhat-starter-kit\\contracts\\Voting.sol","s":{"1":3,"2":3,"3":3,"4":6,"5":0,"6":0,"7":0,"8":0,"9":0,"10":0,"11":0,"12":0,"13":0,"14":0,"15":0,"16":0,"17":0,"18":0,"19":0,"20":0,"21":0,"22":0,"23":0,"24":0,"25":0,"26":0,"27":0,"28":0,"29":0,"30":0,"31":0,"32":0},"b":{"1":[0,0],"2":[0,0],"3":[0,0],"4":[0,0],"5":[0,0],"6":[0,0],"7":[0,0],"8":[0,0],"9":[0,0],"10":[0,0]},"f":{"1":3,"2":0,"3":0,"4":0,"5":0,"6":0},"fnMap":{"1":{"name":"constructor","line":31,"loc":{"start":{"line":31,"column":4},"end":{"line":44,"column":4}}},"2":{"name":"giveRightToVote","line":48,"loc":{"start":{"line":48,"column":4},"end":{"line":66,"column":4}}},"3":{"name":"delegate","line":69,"loc":{"start":{"line":69,"column":4},"end":{"line":105,"column":4}}},"4":{"name":"vote","line":109,"loc":{"start":{"line":109,"column":4},"end":{"line":120,"column":4}}},"5":{"name":"winningProposal","line":124,"loc":{"start":{"line":124,"column":4},"end":{"line":132,"column":4}}},"6":{"name":"winnerName","line":137,"loc":{"start":{"line":137,"column":4},"end":{"line":139,"column":4}}}},"statementMap":{"1":{"start":{"line":32,"column":8},"end":{"line":32,"column":31}},"2":{"start":{"line":33,"column":8},"end":{"line":33,"column":37}},"3":{"start":{"line":38,"column":8},"end":{"line":38,"column":1296}},"4":{"start":{"line":42,"column":12},"end":{"line":42,"column":75}},"5":{"start":{"line":59,"column":8},"end":{"line":59,"column":2273}},"6":{"start":{"line":63,"column":8},"end":{"line":63,"column":64}},"7":{"start":{"line":64,"column":8},"end":{"line":64,"column":41}},"8":{"start":{"line":65,"column":8},"end":{"line":65,"column":31}},"9":{"start":{"line":71,"column":8},"end":{"line":71,"column":49}},"10":{"start":{"line":72,"column":8},"end":{"line":72,"column":51}},"11":{"start":{"line":74,"column":8},"end":{"line":74,"column":66}},"12":{"start":{"line":84,"column":8},"end":{"line":84,"column":3274}},"13":{"start":{"line":85,"column":12},"end":{"line":85,"column":35}},"14":{"start":{"line":88,"column":12},"end":{"line":88,"column":65}},"15":{"start":{"line":93,"column":8},"end":{"line":93,"column":26}},"16":{"start":{"line":94,"column":8},"end":{"line":94,"column":27}},"17":{"start":{"line":95,"column":8},"end":{"line":95,"column":44}},"18":{"start":{"line":96,"column":8},"end":{"line":96,"column":3718}},"19":{"start":{"line":99,"column":12},"end":{"line":99,"column":63}},"20":{"start":{"line":103,"column":12},"end":{"line":103,"column":44}},"21":{"start":{"line":110,"column":8},"end":{"line":110,"column":49}},"22":{"start":{"line":111,"column":8},"end":{"line":111,"column":58}},"23":{"start":{"line":112,"column":8},"end":{"line":112,"column":47}},"24":{"start":{"line":113,"column":8},"end":{"line":113,"column":26}},"25":{"start":{"line":114,"column":8},"end":{"line":114,"column":29}},"26":{"start":{"line":119,"column":8},"end":{"line":119,"column":53}},"27":{"start":{"line":125,"column":8},"end":{"line":125,"column":36}},"28":{"start":{"line":126,"column":8},"end":{"line":126,"column":4888}},"29":{"start":{"line":127,"column":12},"end":{"line":127,"column":4954}},"30":{"start":{"line":128,"column":16},"end":{"line":128,"column":56}},"31":{"start":{"line":129,"column":16},"end":{"line":129,"column":35}},"32":{"start":{"line":138,"column":8},"end":{"line":138,"column":54}}},"branchMap":{"1":{"line":59,"type":"if","locations":[{"start":{"line":59,"column":8},"end":{"line":59,"column":8}},{"start":{"line":59,"column":8},"end":{"line":59,"column":8}}]},"2":{"line":63,"type":"if","locations":[{"start":{"line":63,"column":8},"end":{"line":63,"column":8}},{"start":{"line":63,"column":8},"end":{"line":63,"column":8}}]},"3":{"line":64,"type":"if","locations":[{"start":{"line":64,"column":8},"end":{"line":64,"column":8}},{"start":{"line":64,"column":8},"end":{"line":64,"column":8}}]},"4":{"line":72,"type":"if","locations":[{"start":{"line":72,"column":8},"end":{"line":72,"column":8}},{"start":{"line":72,"column":8},"end":{"line":72,"column":8}}]},"5":{"line":74,"type":"if","locations":[{"start":{"line":74,"column":8},"end":{"line":74,"column":8}},{"start":{"line":74,"column":8},"end":{"line":74,"column":8}}]},"6":{"line":88,"type":"if","locations":[{"start":{"line":88,"column":12},"end":{"line":88,"column":12}},{"start":{"line":88,"column":12},"end":{"line":88,"column":12}}]},"7":{"line":96,"type":"if","locations":[{"start":{"line":96,"column":8},"end":{"line":96,"column":8}},{"start":{"line":96,"column":8},"end":{"line":96,"column":8}}]},"8":{"line":111,"type":"if","locations":[{"start":{"line":111,"column":8},"end":{"line":111,"column":8}},{"start":{"line":111,"column":8},"end":{"line":111,"column":8}}]},"9":{"line":112,"type":"if","locations":[{"start":{"line":112,"column":8},"end":{"line":112,"column":8}},{"start":{"line":112,"column":8},"end":{"line":112,"column":8}}]},"10":{"line":127,"type":"if","locations":[{"start":{"line":127,"column":12},"end":{"line":127,"column":12}},{"start":{"line":127,"column":12},"end":{"line":127,"column":12}}]}}}}